C51 COMPILER V9.60.0.0   MAIN                                                              11/20/2023 18:20:34 PAGE 1   


C51 COMPILER V9.60.0.0, COMPILATION OF MODULE MAIN
OBJECT MODULE PLACED IN .\Objects\main.obj
COMPILER INVOKED BY: D:\MDK\C51\BIN\C51.EXE main.c OPTIMIZE(8,SPEED) BROWSE DEBUG OBJECTEXTEND PRINT(.\Listings\main.lst
                    -) TABS(2) OBJECT(.\Objects\main.obj)

line level    source

   1          #include <REGX52.H>
   2          #include "delay.h"
   3          #include "LCD1602.h"
   4          #include "IR.h"
   5          
   6          unsigned char Address;
   7          unsigned char Command;
   8          
   9          
  10          void main(){
  11   1        
  12   1        LCD_Init();
  13   1        IR_Init();
  14   1        
  15   1        while(1){
  16   2          if(IR_GetDataFlag() || IR_GetRepeatFlag()){   //接收到了数据,或者收到了repeat信号
  17   3            Address = IR_GetAddress();          //获取地址
  18   3            Command = IR_GetCommand();
  19   3            
  20   3            LCD_ShowHexNum(1,1,Address,2);
  21   3            LCD_ShowHexNum(2,1,Command,2);
  22   3          }
  23   2        }
  24   1      }
  25          


MODULE INFORMATION:   STATIC OVERLAYABLE
   CODE SIZE        =     60    ----
   CONSTANT SIZE    =   ----    ----
   XDATA SIZE       =   ----    ----
   PDATA SIZE       =   ----    ----
   DATA SIZE        =      2    ----
   IDATA SIZE       =   ----    ----
   BIT SIZE         =   ----    ----
END OF MODULE INFORMATION.


C51 COMPILATION COMPLETE.  0 WARNING(S),  0 ERROR(S)
