C51 COMPILER V9.60.0.0   TIMER                                                             11/20/2023 18:20:34 PAGE 1   


C51 COMPILER V9.60.0.0, COMPILATION OF MODULE TIMER
OBJECT MODULE PLACED IN .\Objects\timer.obj
COMPILER INVOKED BY: D:\MDK\C51\BIN\C51.EXE timer.c OPTIMIZE(8,SPEED) BROWSE DEBUG OBJECTEXTEND PRINT(.\Listings\timer.l
                    -st) TABS(2) OBJECT(.\Objects\timer.obj)

line level    source

   1          #include "timer.h"
   2          
   3          /* 函数名：timer0_init
   4           * 
   5           * 功能：定时器0的初始化：定时1ms，产生一个中断
   6           * 
   7           * 参数：void
   8           *
   9           * 备注：
  10           */
  11          void timer0_init()
  12          {
  13   1        TF0 = 0;      //定时器溢出中断标志位
  14   1        TR0 = 0;      //定时器关闭计时
  15   1        TMOD &= 0XF0; //设置定时器0，为16进制计数器
  16   1        TMOD |= 0X01; //
  17   1      //  TL0 = 0X66;   //设置低8位
  18   1      //  TH0 = 0XFC;   //设置高8位
  19   1      }
  20          
  21          void Timer0_SetCount(unsigned int Value)
  22          {
  23   1        TH0 = Value/256;
  24   1        TL0 = Value%256;
  25   1      }
  26          
  27          unsigned int Timer0_GetCount(void)
  28          {
  29   1        return (TH0<<8)|TL0;
  30   1      }
  31          
  32          void Timer0_Run(unsigned char Flag)
  33          {
  34   1        TR0 = Flag;
  35   1      }


MODULE INFORMATION:   STATIC OVERLAYABLE
   CODE SIZE        =     37    ----
   CONSTANT SIZE    =   ----    ----
   XDATA SIZE       =   ----    ----
   PDATA SIZE       =   ----    ----
   DATA SIZE        =   ----    ----
   IDATA SIZE       =   ----    ----
   BIT SIZE         =   ----    ----
END OF MODULE INFORMATION.


C51 COMPILATION COMPLETE.  0 WARNING(S),  0 ERROR(S)
