C51 COMPILER V9.60.0.0   MAIN                                                              11/18/2023 17:02:09 PAGE 1   


C51 COMPILER V9.60.0.0, COMPILATION OF MODULE MAIN
OBJECT MODULE PLACED IN .\Objects\main.obj
COMPILER INVOKED BY: D:\MDK\C51\BIN\C51.EXE main.c OPTIMIZE(8,SPEED) BROWSE DEBUG OBJECTEXTEND PRINT(.\Listings\main.lst
                    -) TABS(2) OBJECT(.\Objects\main.obj)

line level    source

   1          #include <REGX52.H>
   2          
   3          sbit LED = P2^0;
   4          
   5          //延时函数
   6          void Delay(unsigned int t){
   7   1        while(t--);
   8   1      }
   9          
  10          /* 函数功能：模拟的LED呼吸灯的效果 
  11           */
  12          void Old_LED_Breathe(){
  13   1        unsigned char Time, i;
  14   1        //LED呼吸灯由暗变亮的过程
  15   1        for(Time = 0; Time < 100; ++Time){
  16   2          for(i = 0; i < 20; ++i){
  17   3          LED = 0;
  18   3          Delay(Time);
  19   3          LED = 1;
  20   3          Delay(100 - Time);
  21   3          }
  22   2        }
  23   1        
  24   1        //LED呼吸灯由亮变暗的过程
  25   1        for(Time = 100; Time > 0; --Time){
  26   2          for(i = 0; i < 20; ++i){
  27   3          LED = 0;
  28   3          Delay(Time);
  29   3          LED = 1;
  30   3          Delay(100 - Time);
  31   3          }
  32   2        }
  33   1      }
  34          
  35          void main(){
  36   1        while(1){
  37   2          Old_LED_Breathe();
  38   2        } 
  39   1      }


MODULE INFORMATION:   STATIC OVERLAYABLE
   CODE SIZE        =    105    ----
   CONSTANT SIZE    =   ----    ----
   XDATA SIZE       =   ----    ----
   PDATA SIZE       =   ----    ----
   DATA SIZE        =   ----    ----
   IDATA SIZE       =   ----    ----
   BIT SIZE         =   ----    ----
END OF MODULE INFORMATION.


C51 COMPILATION COMPLETE.  0 WARNING(S),  0 ERROR(S)
