C51 COMPILER V9.60.0.0   DS18B20                                                           11/20/2023 14:20:43 PAGE 1   


C51 COMPILER V9.60.0.0, COMPILATION OF MODULE DS18B20
OBJECT MODULE PLACED IN .\Objects\DS18B20.obj
COMPILER INVOKED BY: D:\MDK\C51\BIN\C51.EXE DS18B20.c OPTIMIZE(8,SPEED) BROWSE DEBUG OBJECTEXTEND PRINT(.\Listings\DS18B
                    -20.lst) TABS(2) OBJECT(.\Objects\DS18B20.obj)

line level    source

   1          #include "DS18B20.h"
   2          #include "LCD1602.h"
   3          
   4          /* 函数名称：DS18B20_ConverT
   5           *
   6           * 函数功能：DS18B20温度变化函数
   7           * 
   8           * 函数参数：void
   9           * 
  10           * 函数返回值：void
  11           *
  12           * 备注： 
  13           */
  14          void DS18B20_ConverT(void)
  15          {
  16   1        OneWire_Init();
  17   1        OneWire_Send_Byte(SKIP_ROM);
  18   1        OneWire_Send_Byte(CONVER_T);
  19   1      }
  20          
  21          
  22          /* 函数名称：DS18B20_ReadT
  23           *
  24           * 函数功能：DS18B20温度读取函数
  25           * 
  26           * 函数参数：void
  27           * 
  28           * 函数返回值：温度的值，小数点后6位
  29           *
  30           * 备注： 
  31           */
  32          float DS18B20_ReadT(void)
  33          {
  34   1        unsigned char TLSB, TMSB;
  35   1        int Temp;
  36   1        float T;
  37   1        
  38   1        OneWire_Init();
  39   1        OneWire_Send_Byte(SKIP_ROM);
  40   1        OneWire_Send_Byte(READ_SCRATCHPAD);
  41   1        TLSB = OneWire_Receive_Byte();
  42   1        TMSB = OneWire_Receive_Byte();
  43   1        Temp = (TMSB << 8) | TLSB;
  44   1        T = Temp / 16.0;
  45   1        
  46   1        return T;
  47   1      }


MODULE INFORMATION:   STATIC OVERLAYABLE
   CODE SIZE        =     56    ----
   CONSTANT SIZE    =   ----    ----
   XDATA SIZE       =   ----    ----
   PDATA SIZE       =   ----    ----
C51 COMPILER V9.60.0.0   DS18B20                                                           11/20/2023 14:20:43 PAGE 2   

   DATA SIZE        =   ----       1
   IDATA SIZE       =   ----    ----
   BIT SIZE         =   ----    ----
END OF MODULE INFORMATION.


C51 COMPILATION COMPLETE.  0 WARNING(S),  0 ERROR(S)
