C51 COMPILER V9.60.0.0   MAIN                                                              11/20/2023 14:20:43 PAGE 1   


C51 COMPILER V9.60.0.0, COMPILATION OF MODULE MAIN
OBJECT MODULE PLACED IN .\Objects\main.obj
COMPILER INVOKED BY: D:\MDK\C51\BIN\C51.EXE main.c OPTIMIZE(8,SPEED) BROWSE DEBUG OBJECTEXTEND PRINT(.\Listings\main.lst
                    -) TABS(2) OBJECT(.\Objects\main.obj)

line level    source

   1          #include <REGX52.H>
   2          #include "DS18B20.h"
   3          #include "LCD1602.h"
   4          
   5          
   6          void Delay(unsigned int xms)    //@11.0592MHz
   7          {
   8   1        unsigned char i, j;
   9   1      
  10   1        i = 2;
  11   1        j = 199;
  12   1      
  13   1        while(xms--){
  14   2          do
  15   2          {
  16   3            while (--j);
  17   3          } while (--i);
  18   2        }
  19   1      }
  20          
  21          
  22          void main()
  23          {
  24   1        float t;
  25   1        
  26   1        LCD_Init();
  27   1        
  28   1        //LCD_ShowString(1,1,"Tempture:");
  29   1        
  30   1      //  Delay(100);
  31   1      //  DS18B20_ConverT();
  32   1      //  t = DS18B20_ReadT();
  33   1      //  LCD_ShowNum(2,1,(unsigned int)t,4);
  34   1      //  LCD_ShowChar(2,4,'.');
  35   1      //  LCD_ShowNum(2,5,(long)(t*1000)%1000,4);
  36   1      
  37   1        while(1)
  38   1        {
  39   2      //    Delay(1000);
  40   2          DS18B20_ConverT();
  41   2          t = DS18B20_ReadT();
  42   2          LCD_ShowNum(2,1,t,3);
  43   2          LCD_ShowChar(2,4,'.');
  44   2          LCD_ShowNum(2,5,(long)(t*100)%100,3);   
  45   2        }
  46   1      }


MODULE INFORMATION:   STATIC OVERLAYABLE
   CODE SIZE        =    106    ----
   CONSTANT SIZE    =   ----    ----
   XDATA SIZE       =   ----    ----
   PDATA SIZE       =   ----    ----
   DATA SIZE        =   ----       4
C51 COMPILER V9.60.0.0   MAIN                                                              11/20/2023 14:20:43 PAGE 2   

   IDATA SIZE       =   ----    ----
   BIT SIZE         =   ----    ----
END OF MODULE INFORMATION.


C51 COMPILATION COMPLETE.  0 WARNING(S),  0 ERROR(S)
