C51 COMPILER V9.60.0.0   DS1302                                                            11/19/2023 12:17:22 PAGE 1   


C51 COMPILER V9.60.0.0, COMPILATION OF MODULE DS1302
OBJECT MODULE PLACED IN .\Objects\DS1302.obj
COMPILER INVOKED BY: D:\MDK\C51\BIN\C51.EXE DS1302.c OPTIMIZE(8,SPEED) BROWSE DEBUG OBJECTEXTEND PRINT(.\Listings\DS1302
                    -.lst) TABS(2) OBJECT(.\Objects\DS1302.obj)

line level    source

   1          #include "DS1302.h"
   2          
   3          /* 函数名称:
   4           * 
   5           * 函数功能：初始化时钟线
   6           *
   7           * 函数参数：
   8           * 
   9           * 函数返回值：
  10           *
  11           * 备注：
  12           */
  13          void DS1302_Init()
  14          {
  15   1        DS1302_SCLK = 0;
  16   1        DS1302_CE = 0;
  17   1      }
  18          
  19          /* 函数名称:
  20           * 
  21           * 函数功能：给DS1302芯片写入具体的数值
  22           *
  23           * 函数参数：Command：日期的地址数据
  24           *           Data：日期的具体数据
  25           *
  26           * 函数返回值：
  27           *
  28           * 备注：
  29           */
  30          void DS1302_WriteByte(unsigned char Command, unsigned char Data)
  31          {
  32   1        unsigned char i = 0;
  33   1        //使能，开始写数据
  34   1        DS1302_CE = 1;
  35   1        
  36   1        //写地址，上升沿写入
  37   1        for(i = 0; i < 8; ++i)
  38   1        {
  39   2          DS1302_IO = (Command&(0X01 << i));
  40   2          DS1302_SCLK = 1;    //产生一个上升沿
  41   2          DS1302_SCLK = 0;
  42   2        }
  43   1        
  44   1        //写数据，上升沿有效
  45   1        for(i = 0; i < 8; ++i)
  46   1        {
  47   2          DS1302_IO = (Data&(0X01 << i));
  48   2          DS1302_SCLK = 1;  
  49   2          DS1302_SCLK = 0;
  50   2        }
  51   1      
  52   1        DS1302_CE = 0;  
  53   1      }
  54          
C51 COMPILER V9.60.0.0   DS1302                                                            11/19/2023 12:17:22 PAGE 2   

  55          /* 函数名称:
  56           * 
  57           * 函数功能：从DS1302芯片的Command所对应的ROM中读取时间的值
  58           *
  59           * 函数参数：Command：日期的地址数据
  60           *
  61           * 函数返回值：某个日期的具体值
  62           *
  63           * 备注：
  64           */
  65          unsigned char DS1302_ReadByte(unsigned char Command)
  66          {
  67   1        unsigned char i = 0, Data = 0X00;
  68   1        
  69   1        //使能，开始写数据
  70   1        DS1302_CE = 1;
  71   1        
  72   1        //写地址，上升沿写入
  73   1        for(i = 0; i < 8; ++i)
  74   1        {
  75   2          DS1302_IO = (Command&(0X01 << i));
  76   2          DS1302_SCLK = 0;
  77   2          DS1302_SCLK = 1;
  78   2        }
  79   1      
  80   1        //2.读数据，下降沿有效
  81   1        //写地址，上升沿写入
  82   1        for(i = 0; i < 8; ++i)
  83   1        {
  84   2          DS1302_SCLK = 1;  //产生一个下降沿
  85   2          DS1302_SCLK = 0;
  86   2          if(DS1302_IO)       //检测到返回数据了，也就是高电平，所以把数据为的该位置1。如果是0，不用置，因为起始8位都
             -是0
  87   2            Data |= (0X01 << i);  //将IO口返回的数据读出，先返回最低为，最后返回最高位
  88   2        }
  89   1        
  90   1        DS1302_CE = 0;  //关闭写使能
  91   1        DS1302_IO = 0;  //防止下一次，出现写保护，或者是读出数据错误
  92   1        
  93   1        return Data;
  94   1      }


MODULE INFORMATION:   STATIC OVERLAYABLE
   CODE SIZE        =    197    ----
   CONSTANT SIZE    =   ----    ----
   XDATA SIZE       =   ----    ----
   PDATA SIZE       =   ----    ----
   DATA SIZE        =   ----    ----
   IDATA SIZE       =   ----    ----
   BIT SIZE         =   ----    ----
END OF MODULE INFORMATION.


C51 COMPILATION COMPLETE.  0 WARNING(S),  0 ERROR(S)
