C51 COMPILER V9.60.0.0   MAIN                                                              11/19/2023 12:17:22 PAGE 1   


C51 COMPILER V9.60.0.0, COMPILATION OF MODULE MAIN
OBJECT MODULE PLACED IN .\Objects\main.obj
COMPILER INVOKED BY: D:\MDK\C51\BIN\C51.EXE main.c OPTIMIZE(8,SPEED) BROWSE DEBUG OBJECTEXTEND PRINT(.\Listings\main.lst
                    -) TABS(2) OBJECT(.\Objects\main.obj)

line level    source

   1          #include <REGX52.H>
   2          #include "DS1302.h"
   3          #include "LCD1602.h"
   4          
   5          void main()
   6          {
   7   1        unsigned char Data = 0X00;
   8   1        DS1302_Init();  //初始化
   9   1        //DS1302_WriteByte(0X8E, 0X00); //解除写保护
  10   1        LCD_Init();   //LCD1602初始化
  11   1        
  12   1        //测试:
  13   1        DS1302_WriteByte(WRITE_SECOND, 0x03); //写操作，写秒为：03
  14   1        Data = DS1302_ReadByte(READ_SECOND);  //读操作，读秒数
  15   1        LCD_ShowChar(1,5,'a');
  16   1        LCD_ShowNum(1,1,Data,2);
  17   1        
  18   1        while(1)
  19   1        {
  20   2        
  21   2        }
  22   1      }


MODULE INFORMATION:   STATIC OVERLAYABLE
   CODE SIZE        =     49    ----
   CONSTANT SIZE    =   ----    ----
   XDATA SIZE       =   ----    ----
   PDATA SIZE       =   ----    ----
   DATA SIZE        =   ----       1
   IDATA SIZE       =   ----    ----
   BIT SIZE         =   ----    ----
END OF MODULE INFORMATION.


C51 COMPILATION COMPLETE.  0 WARNING(S),  0 ERROR(S)
