C51 COMPILER V9.60.0.0   MAIN                                                              11/17/2023 22:09:10 PAGE 1   


C51 COMPILER V9.60.0.0, COMPILATION OF MODULE MAIN
OBJECT MODULE PLACED IN .\Objects\main.obj
COMPILER INVOKED BY: D:\MDK\C51\BIN\C51.EXE main.c OPTIMIZE(8,SPEED) BROWSE DEBUG OBJECTEXTEND PRINT(.\Listings\main.lst
                    -) TABS(2) OBJECT(.\Objects\main.obj)

line level    source

   1          #include <REGX52.H>
   2          #include "nixie.h"
   3          
   4          /* 函数名：Delay
   5           * 
   6           * 功能：延时xms毫秒
   7           * 
   8           * 参数：xms
   9           *
  10           * 备注：
  11           */
  12          void Delay(unsigned int xms)    //11.0592MHz
  13          {
  14   1        unsigned char i, j;
  15   1      
  16   1        while(xms--){
  17   2          i = 2;
  18   2          j = 199;
  19   2          do
  20   2          {
  21   3            while (--j);
  22   3          } while (--i);
  23   2      
  24   2        }
  25   1      }
  26          
  27          static unsigned int NUM[] = {0x3f,0x06,0x5b,0x4f,0x66,0x6d,0x7d,0x07,0x7f,0x6f};
  28          
  29          void Nixie(unsigned char Led, unsigned char Num){
  30   1          switch(Led){
  31   2            case 1: P2_4=1;P2_3=1;P2_2=1; break;
  32   2            case 2: P2_4=1;P2_3=1;P2_2=0; break;
  33   2            case 3: P2_4=1;P2_3=0;P2_2=1; break;
  34   2            case 4: P2_4=1;P2_3=0;P2_2=0; break;
  35   2            case 5: P2_4=0;P2_3=1;P2_2=1; break;
  36   2            case 6: P2_4=0;P2_3=1;P2_2=0; break;
  37   2            case 7: P2_4=0;P2_3=0;P2_2=1; break;
  38   2            case 8: P2_4=0;P2_3=0;P2_2=0; break;
  39   2            default : break;
  40   2          }
  41   1          P0 = NUM[Num];
  42   1          Delay(1);
  43   1          P0 = 0X00;
  44   1      }
  45           
  46          
  47          void main(){
  48   1          while(1){
  49   2              Nixie(1, 1);
  50   2              Nixie(2, 2);
  51   2              nixie_show(3,3);
  52   2              nixie_show(4,4);
  53   2          }
  54   1      }
C51 COMPILER V9.60.0.0   MAIN                                                              11/17/2023 22:09:10 PAGE 2   



MODULE INFORMATION:   STATIC OVERLAYABLE
   CODE SIZE        =    163    ----
   CONSTANT SIZE    =   ----    ----
   XDATA SIZE       =   ----    ----
   PDATA SIZE       =   ----    ----
   DATA SIZE        =     40    ----
   IDATA SIZE       =   ----    ----
   BIT SIZE         =   ----    ----
END OF MODULE INFORMATION.


C51 COMPILATION COMPLETE.  0 WARNING(S),  0 ERROR(S)
