C51 COMPILER V9.60.0.0   NIXIE                                                             11/17/2023 22:09:11 PAGE 1   


C51 COMPILER V9.60.0.0, COMPILATION OF MODULE NIXIE
OBJECT MODULE PLACED IN .\Objects\nixie.obj
COMPILER INVOKED BY: D:\MDK\C51\BIN\C51.EXE nixie.c OPTIMIZE(8,SPEED) BROWSE DEBUG OBJECTEXTEND PRINT(.\Listings\nixie.l
                    -st) TABS(2) OBJECT(.\Objects\nixie.obj)

line level    source

   1          #include "nixie.h"
   2          
   3          /* 函数名：delay_nixie
   4           * 
   5           * 功能：数码管延时 1 毫秒，为了数码管的消影
   6           * 
   7           * 参数：void
   8           *
   9           * 备注：
  10           */
  11          static void delay_nixie()   //11.0592MHz
  12          {
  13   1        unsigned char i, j;
  14   1        
  15   1        i = 2;
  16   1        j = 199;
  17   1        do
  18   1        {
  19   2          while (--j);
  20   2        } while (--i);
  21   1      }
  22          
  23          /* 函数名：nixie_show
  24           * 
  25           * 功能：数码管显示函数
  26           * 
  27           * 参数：led：哪一个数码管
  28           *       Num：数码管显示的数字
  29           *
  30           * 备注：
  31           */
  32          
  33          void nixie_show(unsigned char Led, unsigned char Num){
  34   1          switch(Led){
  35   2            case 1: P2_4=1;P2_3=1;P2_2=1; break;
  36   2            case 2: P2_4=1;P2_3=1;P2_2=0; break;
  37   2            case 3: P2_4=1;P2_3=0;P2_2=1; break;
  38   2            case 4: P2_4=1;P2_3=0;P2_2=0; break;
  39   2            case 5: P2_4=0;P2_3=1;P2_2=1; break;
  40   2            case 6: P2_4=0;P2_3=1;P2_2=0; break;
  41   2            case 7: P2_4=0;P2_3=0;P2_2=1; break;
  42   2            case 8: P2_4=0;P2_3=0;P2_2=0; break;
  43   2            default : break;
  44   2          }
  45   1          SEG_SELE = NUM_[Num];
  46   1          delay_nixie();
  47   1          SEG_SELE = 0X00;
  48   1      }


MODULE INFORMATION:   STATIC OVERLAYABLE
   CODE SIZE        =    117    ----
   CONSTANT SIZE    =   ----    ----
   XDATA SIZE       =   ----    ----
C51 COMPILER V9.60.0.0   NIXIE                                                             11/17/2023 22:09:11 PAGE 2   

   PDATA SIZE       =   ----    ----
   DATA SIZE        =     20    ----
   IDATA SIZE       =   ----    ----
   BIT SIZE         =   ----    ----
END OF MODULE INFORMATION.


C51 COMPILATION COMPLETE.  0 WARNING(S),  0 ERROR(S)
