C51 COMPILER V9.60.0.0   MAIN                                                              11/20/2023 16:24:53 PAGE 1   


C51 COMPILER V9.60.0.0, COMPILATION OF MODULE MAIN
OBJECT MODULE PLACED IN .\Objects\main.obj
COMPILER INVOKED BY: D:\MDK\C51\BIN\C51.EXE main.c OPTIMIZE(8,SPEED) BROWSE DEBUG OBJECTEXTEND PRINT(.\Listings\main.lst
                    -) TABS(2) OBJECT(.\Objects\main.obj)

line level    source

   1          #include <REGX52.H>
   2          
   3          void EXIT_Init(){
   4   1        IT0 = 1;
   5   1        IE0 = 0;
   6   1        EX0 = 1;
   7   1        EA = 1;
   8   1        PX0 = 1;
   9   1      }
  10          
  11          void main(){
  12   1        EXIT_Init();
  13   1        while(1){
  14   2        
  15   2        }
  16   1      }
  17          
  18          void EXIT_Rountion(void) interrupt 0
  19          {
  20   1        P2_0 = ~P2_0;
  21   1      }


MODULE INFORMATION:   STATIC OVERLAYABLE
   CODE SIZE        =     19    ----
   CONSTANT SIZE    =   ----    ----
   XDATA SIZE       =   ----    ----
   PDATA SIZE       =   ----    ----
   DATA SIZE        =   ----    ----
   IDATA SIZE       =   ----    ----
   BIT SIZE         =   ----    ----
END OF MODULE INFORMATION.


C51 COMPILATION COMPLETE.  0 WARNING(S),  0 ERROR(S)
