C51 COMPILER V9.60.0.0   MATRIXLED                                                         11/19/2023 12:08:52 PAGE 1   


C51 COMPILER V9.60.0.0, COMPILATION OF MODULE MATRIXLED
OBJECT MODULE PLACED IN .\Objects\MatrixLed.obj
COMPILER INVOKED BY: D:\MDK\C51\BIN\C51.EXE MatrixLed.c OPTIMIZE(8,SPEED) BROWSE DEBUG OBJECTEXTEND PRINT(.\Listings\Mat
                    -rixLed.lst) TABS(2) OBJECT(.\Objects\MatrixLed.obj)

line level    source

   1          #include "MatrixLed.h"
   2          
   3          static void delay_ms(unsigned char xms)   //@11.0592MHz
   4          {
   5   1        unsigned char i, j;
   6   1      
   7   1        while(xms--){
   8   2          i = 2;
   9   2          j = 199;
  10   2          do
  11   2          {
  12   3            while (--j);
  13   3          } while (--i);
  14   2        } 
  15   1      }
  16          
  17          
  18          /* LED点阵屏demo */
  19          //74HC595的初始化函数：也就是让两个时钟引脚置于低电平
  20          void _74HC595_init()
  21          {
  22   1        RCK = 0;
  23   1        SCK = 0;
  24   1      }
  25          
  26          //74HC595写一个串行的8位数据:也就是选择LED点阵的哪一行，高电平有效
  27          //例如：0x80 -- 就是启动LED点阵的最后高的哪一行
  28          static void _74HC594_write_byte(const unsigned char byte)
  29          {
  30   1        unsigned char i = 0;
  31   1        for(i = 0; i < 8; ++i){   //循环的将8位数据写入到芯片内部
  32   2          SER = (byte&(0X80>>i));
  33   2          SCK = 1;
  34   2          SCK = 0;
  35   2        }
  36   1        //将写入的8位数据，并行输出到8个并行输出口
  37   1        RCK = 1;
  38   1        RCK = 0;
  39   1      }
  40          
  41          //LED点阵按列点亮LED灯
  42          //column：列 -- P0口选择:0 ~ 8
  43          //line：行   -- 利用74HC595选择:0x00 ~ 0xff
  44          void matrixled_show(unsigned char column,unsigned char line)
  45          {
  46   1        _74HC594_write_byte(line);
  47   1        MATRIX_LED_PORT = ~(0X80>>column);
  48   1        delay_ms(1);
  49   1        MATRIX_LED_PORT = 0XFF;
  50   1      }


MODULE INFORMATION:   STATIC OVERLAYABLE
   CODE SIZE        =    110    ----
C51 COMPILER V9.60.0.0   MATRIXLED                                                         11/19/2023 12:08:52 PAGE 2   

   CONSTANT SIZE    =   ----    ----
   XDATA SIZE       =   ----    ----
   PDATA SIZE       =   ----    ----
   DATA SIZE        =   ----    ----
   IDATA SIZE       =   ----    ----
   BIT SIZE         =   ----    ----
END OF MODULE INFORMATION.


C51 COMPILATION COMPLETE.  0 WARNING(S),  0 ERROR(S)
