C51 COMPILER V9.60.0.0   DELAY                                                             11/19/2023 11:24:48 PAGE 1   


C51 COMPILER V9.60.0.0, COMPILATION OF MODULE DELAY
OBJECT MODULE PLACED IN .\Objects\Delay.obj
COMPILER INVOKED BY: D:\MDK\C51\BIN\C51.EXE Delay.c OPTIMIZE(8,SPEED) BROWSE DEBUG OBJECTEXTEND PRINT(.\Listings\Delay.l
                    -st) TABS(2) OBJECT(.\Objects\Delay.obj)

line level    source

   1          #include "Delay.h"
   2          
   3          /* 
   4           * 函数名：Delay
   5           *  
   6           * 功能：延时Xms毫秒
   7           *
   8           * 参数：
   9           *
  10           * 备注：
  11           */
  12          void Delay(unsigned int Xms){
  13   1        unsigned char i, j;
  14   1      
  15   1        while(Xms--){
  16   2          i = 11;
  17   2          j = 190;
  18   2          do
  19   2          {
  20   3            while (--j);
  21   3          } while (--i);
  22   2        }
  23   1      }


MODULE INFORMATION:   STATIC OVERLAYABLE
   CODE SIZE        =     21    ----
   CONSTANT SIZE    =   ----    ----
   XDATA SIZE       =   ----    ----
   PDATA SIZE       =   ----    ----
   DATA SIZE        =   ----    ----
   IDATA SIZE       =   ----    ----
   BIT SIZE         =   ----    ----
END OF MODULE INFORMATION.


C51 COMPILATION COMPLETE.  0 WARNING(S),  0 ERROR(S)
