C51 COMPILER V9.60.0.0   MAIN                                                              11/19/2023 11:24:48 PAGE 1   


C51 COMPILER V9.60.0.0, COMPILATION OF MODULE MAIN
OBJECT MODULE PLACED IN .\Objects\main.obj
COMPILER INVOKED BY: D:\MDK\C51\BIN\C51.EXE main.c OPTIMIZE(8,SPEED) BROWSE DEBUG OBJECTEXTEND PRINT(.\Listings\main.lst
                    -) TABS(2) OBJECT(.\Objects\main.obj)

line level    source

   1          #include <REGX52.H>
   2          #include "LCD1602.h"
   3          #include "MartixKey.h"
   4          #include "Delay.h"
   5          
   6          static unsigned int NUM[] = {0x3f,0x06,0x5b,0x4f,0x66,0x6d,0x7d,0x07,0x7f,0x6f};
   7          
   8          void Nixie(unsigned char Led, unsigned char Num){
   9   1          switch(Led){
  10   2            case 1: P2_4=1;P2_3=1;P2_2=1; break;
  11   2            case 2: P2_4=1;P2_3=1;P2_2=0; break;
  12   2            case 3: P2_4=1;P2_3=0;P2_2=1; break;
  13   2            case 4: P2_4=1;P2_3=0;P2_2=0; break;
  14   2            case 5: P2_4=0;P2_3=1;P2_2=1; break;
  15   2            case 6: P2_4=0;P2_3=1;P2_2=0; break;
  16   2            case 7: P2_4=0;P2_3=0;P2_2=1; break;
  17   2            case 8: P2_4=0;P2_3=0;P2_2=0; break;
  18   2            default : break;
  19   2          }
  20   1          P0 = NUM[Num];
  21   1          Delay(1);
  22   1          P0 = 0X00;
  23   1      }
  24          
  25          void main(){
  26   1        unsigned char Num = 0, G = 0, S = 0;
  27   1        //LCD_Init();
  28   1        
  29   1        while(1){
  30   2          Num = matrixKey();
  31   2          G = Num % 10;
  32   2          S = Num / 10;
  33   2          Nixie(1, S);
  34   2          Nixie(2, G);
  35   2        }
  36   1      }


MODULE INFORMATION:   STATIC OVERLAYABLE
   CODE SIZE        =    156    ----
   CONSTANT SIZE    =   ----    ----
   XDATA SIZE       =   ----    ----
   PDATA SIZE       =   ----    ----
   DATA SIZE        =     20       3
   IDATA SIZE       =   ----    ----
   BIT SIZE         =   ----    ----
END OF MODULE INFORMATION.


C51 COMPILATION COMPLETE.  0 WARNING(S),  0 ERROR(S)
