C51 COMPILER V9.60.0.0   MAIN                                                              11/19/2023 12:22:08 PAGE 1   


C51 COMPILER V9.60.0.0, COMPILATION OF MODULE MAIN
OBJECT MODULE PLACED IN .\Objects\main.obj
COMPILER INVOKED BY: D:\MDK\C51\BIN\C51.EXE main.c OPTIMIZE(8,SPEED) BROWSE DEBUG OBJECTEXTEND PRINT(.\Listings\main.lst
                    -) TABS(2) OBJECT(.\Objects\main.obj)

line level    source

   1          #include <REGX52.H>
   2          #include "AT24C02.h"
   3          #include "LCD1602.h"
   4          
   5          
   6          void main(){
   7   1        unsigned char Read_Data = 0x00;
   8   1        LCD_Init();
   9   1        //AT24C02_Write_Byte(0x00, 0x16);
  10   1        Read_Data = AT24C02_Read_Byte(0x00);
  11   1        LCD_ShowHexNum(1,1,Read_Data, 2);
  12   1        while(1){
  13   2        
  14   2        }
  15   1      }


MODULE INFORMATION:   STATIC OVERLAYABLE
   CODE SIZE        =     26    ----
   CONSTANT SIZE    =   ----    ----
   XDATA SIZE       =   ----    ----
   PDATA SIZE       =   ----    ----
   DATA SIZE        =   ----    ----
   IDATA SIZE       =   ----    ----
   BIT SIZE         =   ----    ----
END OF MODULE INFORMATION.


C51 COMPILATION COMPLETE.  0 WARNING(S),  0 ERROR(S)
