C51 COMPILER V9.60.0.0   KEY                                                               11/19/2023 11:08:31 PAGE 1   


C51 COMPILER V9.60.0.0, COMPILATION OF MODULE KEY
OBJECT MODULE PLACED IN .\Objects\key.obj
COMPILER INVOKED BY: D:\MDK\C51\BIN\C51.EXE key.c OPTIMIZE(8,SPEED) BROWSE DEBUG OBJECTEXTEND PRINT(.\Listings\key.lst) 
                    -TABS(2) OBJECT(.\Objects\key.obj)

line level    source

   1          #include "key.h"
   2          
   3          /* 函数名：delay_key
   4           * 
   5           * 功能：按键延时20毫秒，软件消抖
   6           * 
   7           * 参数：void
   8           *
   9           * 备注：
  10           */
  11          static void delay_key()   //11.0592MHz
  12          {
  13   1        unsigned char i, j;
  14   1        unsigned char ms = 20;
  15   1        while(ms--){
  16   2          i = 2;
  17   2          j = 199;
  18   2          do
  19   2          {
  20   3            while (--j);
  21   3          } while (--i);
  22   2      
  23   2        }
  24   1      }
  25          
  26          /* 函数名：key_get
  27           * 
  28           * 功能：按键扫描函数
  29           * 
  30           * 参数：void
  31           *
  32           * 备注：
  33           */
  34          unsigned char key_get()
  35          {
  36   1        unsigned char key_press = 0;
  37   1        if(KEY_PRESS == KEY1){
  38   2          delay_key();
  39   2          while(KEY_PRESS == KEY1);
  40   2          key_press = KEY1_RET;
  41   2          delay_key();
  42   2        }
  43   1        else if(KEY_PRESS == KEY2){
  44   2          delay_key();  
  45   2          while(KEY_PRESS == KEY2);
  46   2          key_press = KEY2_RET;
  47   2          delay_key();
  48   2        }
  49   1        else if(KEY_PRESS == KEY3){
  50   2          delay_key();
  51   2          while(KEY_PRESS == KEY3);
  52   2          key_press = KEY3_RET;
  53   2          delay_key();
  54   2        }
C51 COMPILER V9.60.0.0   KEY                                                               11/19/2023 11:08:31 PAGE 2   

  55   1        else if(KEY_PRESS == KEY4){
  56   2          delay_key();
  57   2          while(KEY_PRESS == KEY4);
  58   2          key_press = KEY4_RET;
  59   2          delay_key();
  60   2        }
  61   1        return key_press;
  62   1      }


MODULE INFORMATION:   STATIC OVERLAYABLE
   CODE SIZE        =     77    ----
   CONSTANT SIZE    =   ----    ----
   XDATA SIZE       =   ----    ----
   PDATA SIZE       =   ----    ----
   DATA SIZE        =   ----    ----
   IDATA SIZE       =   ----    ----
   BIT SIZE         =   ----    ----
END OF MODULE INFORMATION.


C51 COMPILATION COMPLETE.  0 WARNING(S),  0 ERROR(S)
