C51 COMPILER V9.60.0.0   LCD1602                                                           11/20/2023 15:41:38 PAGE 1   


C51 COMPILER V9.60.0.0, COMPILATION OF MODULE LCD1602
OBJECT MODULE PLACED IN .\Objects\LCD1602.obj
COMPILER INVOKED BY: D:\MDK\C51\BIN\C51.EXE LCD1602.c OPTIMIZE(8,SPEED) BROWSE DEBUG OBJECTEXTEND PRINT(.\Listings\LCD16
                    -02.lst) TABS(2) OBJECT(.\Objects\LCD1602.obj)

line level    source

   1          #include "LCD1602.h"
   2          
   3          static void LCD_Delay()   //@11.0592MHz 1ms
   4          {
   5   1        unsigned char i, j;
   6   1      
   7   1        i = 2;
   8   1        j = 199;
   9   1        do
  10   1        {
  11   2          while (--j);
  12   2        } while (--i);
  13   1      }
  14          
  15          
  16          /* 函数名称：
  17           *
  18           * 函数功能：向LCD1602发送一个指令
  19           *
  20           * 函数参数：发送的指令地址
  21           *
  22           * 函数返回值：void
  23           *
  24           * 备注：
  25           */
  26          static void LCD1602_SendCommand(unsigned char Command)
  27          {
  28   1        LCD_RS = 0;
  29   1        LCD_RW = 0;
  30   1        LCD_DATA_PORT = Command;
  31   1        LCD_E = 1;    //LCD_E下降沿执行
  32   1        LCD_Delay();
  33   1        LCD_E = 0;
  34   1        LCD_Delay();
  35   1      }
  36          
  37          /* 函数名称：LCD1602_SendData
  38           *
  39           * 函数功能：向LCD1602发送一个数据
  40           *
  41           * 函数参数：发送的数据
  42           *
  43           * 函数返回值：void
  44           *
  45           * 备注：
  46           */
  47          static void LCD1602_SendData(unsigned char Data)
  48          {
  49   1        LCD_RS = 1;
  50   1        LCD_RW = 0;
  51   1        LCD_DATA_PORT = Data;
  52   1        LCD_E = 1;    //LCD_E下降沿执行
  53   1        LCD_Delay();
  54   1        LCD_E = 0;
C51 COMPILER V9.60.0.0   LCD1602                                                           11/20/2023 15:41:38 PAGE 2   

  55   1        LCD_Delay();
  56   1      }
  57          
  58          /* 函数名称：LCD_Init
  59           *
  60           * 函数功能：LCD1602初始化函数
  61           *
  62           * 函数参数：void
  63           *
  64           * 函数返回值：void
  65           *
  66           * 备注：
  67           */
  68          void LCD_Init(void)
  69          {
  70   1        LCD1602_SendCommand(0X38);
  71   1        LCD1602_SendCommand(0X0C);
  72   1        LCD1602_SendCommand(0X06);
  73   1        LCD1602_SendCommand(0X01);
  74   1      }
  75          
  76          /* 函数名称：LCD_ShowChar
  77           *
  78           * 函数功能：LCD1602发送一个字节函数
  79           *
  80           * 函数参数：Line：行
  81           *           Column：列
  82           *           Char：字符
  83           *
  84           * 函数返回值：void
  85           *
  86           * 备注：
  87           */
  88          void LCD_ShowChar(unsigned char Line, unsigned char Column, unsigned char Char)
  89          {
  90   1        if(Line == 1){
  91   2          LCD1602_SendCommand(0x80 | (Column - 1));
  92   2        }else{
  93   2          LCD1602_SendCommand(0x80 | (Column - 1) + 0x40);
  94   2        }
  95   1        
  96   1        LCD1602_SendData(Char);
  97   1      }


MODULE INFORMATION:   STATIC OVERLAYABLE
   CODE SIZE        =     80    ----
   CONSTANT SIZE    =   ----    ----
   XDATA SIZE       =   ----    ----
   PDATA SIZE       =   ----    ----
   DATA SIZE        =   ----    ----
   IDATA SIZE       =   ----    ----
   BIT SIZE         =   ----    ----
END OF MODULE INFORMATION.


C51 COMPILATION COMPLETE.  0 WARNING(S),  0 ERROR(S)
